<?xml version="1.0" encoding="UTF-8"?>
<!-- Generated by org.testng.reporters.JUnitXMLReporter -->
<testsuite ignored="0" hostname="DESKTOP-KAAR1N3" failures="0" tests="4" name="Default test" time="46.438" errors="0" timestamp="2024-09-07T14:51:42 IST">
  <testcase classname="NewsAPI" name="getNews" time="4.602"/>
  <testcase classname="NewsAPI" name="validateNewsResponse" time="1.086"/>
  <testcase classname="NewsAPI" name="validateSubjectOfLastItems" time="40.111"/>
  <testcase classname="NewsAPI" name="validateTitleOfSecondItems" time="0.512"/>
</testsuite> <!-- Default test -->
