<?xml version="1.0" encoding="UTF-8"?>
<testng-results ignored="0" total="4" passed="4" failed="0" skipped="0">
  <reporter-output>
  </reporter-output>
  <suite started-at="2024-09-07T14:50:56 IST" name="Default suite" finished-at="2024-09-07T14:51:42 IST" duration-ms="46438">
    <groups>
    </groups>
    <test started-at="2024-09-07T14:50:56 IST" name="Default test" finished-at="2024-09-07T14:51:42 IST" duration-ms="46438">
      <class name="NewsAPI">
        <test-method signature="getNews()[pri:0, instance:NewsAPI@3f792b9b]" started-at="2024-09-07T14:50:56 IST" name="getNews" finished-at="2024-09-07T14:51:01 IST" duration-ms="4602" status="PASS">
          <reporter-output>
          </reporter-output>
        </test-method> <!-- getNews -->
        <test-method signature="validateNewsResponse()[pri:0, instance:NewsAPI@3f792b9b]" started-at="2024-09-07T14:51:01 IST" name="validateNewsResponse" finished-at="2024-09-07T14:51:02 IST" duration-ms="1086" status="PASS">
          <reporter-output>
          </reporter-output>
        </test-method> <!-- validateNewsResponse -->
        <test-method signature="validateSubjectOfLastItems()[pri:0, instance:NewsAPI@3f792b9b]" started-at="2024-09-07T14:51:02 IST" name="validateSubjectOfLastItems" finished-at="2024-09-07T14:51:42 IST" duration-ms="40111" status="PASS">
          <reporter-output>
          </reporter-output>
        </test-method> <!-- validateSubjectOfLastItems -->
        <test-method signature="validateTitleOfSecondItems()[pri:0, instance:NewsAPI@3f792b9b]" started-at="2024-09-07T14:51:42 IST" name="validateTitleOfSecondItems" finished-at="2024-09-07T14:51:42 IST" duration-ms="512" status="PASS">
          <reporter-output>
          </reporter-output>
        </test-method> <!-- validateTitleOfSecondItems -->
      </class> <!-- NewsAPI -->
    </test> <!-- Default test -->
  </suite> <!-- Default suite -->
</testng-results>
